Using pre-set license
Built from '2021.2/china_unity/release' branch; Version is '2021.2.17f1c1 (c5c24c2d8c59) revision 12960332'; Using compiler version '192829333'; Build Type 'Release'
OS: 'Windows 10  (10.0.19044) 64bit CoreCountrySpecific' Language: 'zh' Physical Memory: 8047 MB
BatchMode: 1, IsHumanControllingUs: 0, StartBugReporterOnCrash: 0, Is64bit: 1, IsPro: 1

COMMAND LINE ARGUMENTS:
D:\unityhub\Unity 2021.2.17f1c1\Editor\Unity.exe
-adb2
-batchMode
-noUpm
-name
AssetImportWorker0
-projectPath
D:/unity/3D RPG
-logFile
Logs/AssetImportWorker0.log
-srvPort
26667
Successfully changed project path to: D:/unity/3D RPG
D:/unity/3D RPG
[UnityMemory] Configuration Parameters - Can be set up in boot.config
    "memorysetup-bucket-allocator-granularity=16"
    "memorysetup-bucket-allocator-bucket-count=8"
    "memorysetup-bucket-allocator-block-size=33554432"
    "memorysetup-bucket-allocator-block-count=8"
    "memorysetup-main-allocator-block-size=16777216"
    "memorysetup-thread-allocator-block-size=16777216"
    "memorysetup-gfx-main-allocator-block-size=16777216"
    "memorysetup-gfx-thread-allocator-block-size=16777216"
    "memorysetup-cache-allocator-block-size=4194304"
    "memorysetup-typetree-allocator-block-size=2097152"
    "memorysetup-profiler-bucket-allocator-granularity=16"
    "memorysetup-profiler-bucket-allocator-bucket-count=8"
    "memorysetup-profiler-bucket-allocator-block-size=33554432"
    "memorysetup-profiler-bucket-allocator-block-count=8"
    "memorysetup-profiler-allocator-block-size=16777216"
    "memorysetup-profiler-editor-allocator-block-size=1048576"
    "memorysetup-temp-allocator-size-main=16777216"
    "memorysetup-job-temp-allocator-block-size=2097152"
    "memorysetup-job-temp-allocator-block-size-background=1048576"
    "memorysetup-job-temp-allocator-reduction-small-platforms=262144"
    "memorysetup-temp-allocator-size-background-worker=32768"
    "memorysetup-temp-allocator-size-job-worker=262144"
    "memorysetup-temp-allocator-size-preload-manager=33554432"
    "memorysetup-temp-allocator-size-nav-mesh-worker=65536"
    "memorysetup-temp-allocator-size-audio-worker=65536"
    "memorysetup-temp-allocator-size-cloud-worker=32768"
    "memorysetup-temp-allocator-size-gi-baking-worker=262144"
    "memorysetup-temp-allocator-size-gfx=262144"
AS: AutoStreaming module initializing.
Refreshing native plugins compatible for Editor in 158.01 ms, found 3 plugins.
Preloading 0 native plugins for Editor in 0.00 ms.
Initialize engine version: 2021.2.17f1c1 (c5c24c2d8c59)
[Subsystems] Discovering subsystems at path D:/unityhub/Unity 2021.2.17f1c1/Editor/Data/Resources/UnitySubsystems
[Subsystems] Discovering subsystems at path D:/unity/3D RPG/Assets
GfxDevice: creating device client; threaded=0; jobified=0
Direct3D:
    Version:  Direct3D 11.0 [level 11.1]
    Renderer: NVIDIA GeForce GTX 1050 Ti (ID=0x1c8c)
    Vendor:   NVIDIA
    VRAM:     4021 MB
    Driver:   25.21.14.2546
Initialize mono
Mono path[0] = 'D:/unityhub/Unity 2021.2.17f1c1/Editor/Data/Managed'
Mono path[1] = 'D:/unityhub/Unity 2021.2.17f1c1/Editor/Data/MonoBleedingEdge/lib/mono/unityjit-win32'
Mono config path = 'D:/unityhub/Unity 2021.2.17f1c1/Editor/Data/MonoBleedingEdge/etc'
Using monoOptions --debugger-agent=transport=dt_socket,embedding=1,server=y,suspend=n,address=127.0.0.1:56848
Begin MonoManager ReloadAssembly
Registering precompiled unity dll's ...
Register platform support module: D:/unityhub/Unity 2021.2.17f1c1/Editor/Data/PlaybackEngines/WindowsStandaloneSupport/UnityEditor.WindowsStandalone.Extensions.dll
Registered in 0.006775 seconds.
Native extension for WindowsStandalone target not found
Refreshing native plugins compatible for Editor in 123.42 ms, found 3 plugins.
Preloading 0 native plugins for Editor in 0.00 ms.
Mono: successfully reloaded assembly
- Completed reload, in  1.150 seconds
Domain Reload Profiling:
	ReloadAssembly (1150ms)
		BeginReloadAssembly (217ms)
			ExecutionOrderSort (0ms)
			DisableScriptedObjects (0ms)
			BackupInstance (0ms)
			ReleaseScriptingObjects (0ms)
			CreateAndSetChildDomain (1ms)
		EndReloadAssembly (727ms)
			LoadAssemblies (205ms)
			RebuildTransferFunctionScriptingTraits (0ms)
			SetupTypeCache (167ms)
			ReleaseScriptCaches (0ms)
			RebuildScriptCaches (71ms)
			SetupLoadedEditorAssemblies (378ms)
				LogAssemblyErrors (0ms)
				InitializePlatformSupportModulesInManaged (12ms)
				SetLoadedEditorAssemblies (0ms)
				RefreshPlugins (124ms)
				BeforeProcessingInitializeOnLoad (1ms)
				ProcessInitializeOnLoadAttributes (165ms)
				ProcessInitializeOnLoadMethodAttributes (76ms)
				AfterProcessingInitializeOnLoad (0ms)
				EditorAssembliesLoaded (0ms)
			ExecutionOrderSort2 (0ms)
			AwakeInstancesAfterBackupRestoration (0ms)
Platform modules already initialized, skipping
Registering precompiled user dll's ...
Registered in 0.022517 seconds.
Begin MonoManager ReloadAssembly
Symbol file LoadedFromMemory doesn't match image D:\unity\3D RPG\Library\PackageCache\com.unity.visualscripting@1.7.6\Editor\VisualScripting.Core\Dependencies\YamlDotNet\Unity.VisualScripting.YamlDotNet.dll
Symbol file LoadedFromMemory doesn't match image D:\unity\3D RPG\Library\PackageCache\com.unity.visualscripting@1.7.6\Editor\VisualScripting.Core\Dependencies\DotNetZip\Unity.VisualScripting.IonicZip.dll
Native extension for WindowsStandalone target not found
Refreshing native plugins compatible for Editor in 0.81 ms, found 3 plugins.
Preloading 0 native plugins for Editor in 0.00 ms.
Mono: successfully reloaded assembly
- Completed reload, in  2.467 seconds
Domain Reload Profiling:
	ReloadAssembly (2468ms)
		BeginReloadAssembly (330ms)
			ExecutionOrderSort (0ms)
			DisableScriptedObjects (9ms)
			BackupInstance (0ms)
			ReleaseScriptingObjects (0ms)
			CreateAndSetChildDomain (29ms)
		EndReloadAssembly (1879ms)
			LoadAssemblies (250ms)
			RebuildTransferFunctionScriptingTraits (0ms)
			SetupTypeCache (593ms)
			ReleaseScriptCaches (1ms)
			RebuildScriptCaches (77ms)
			SetupLoadedEditorAssemblies (758ms)
				LogAssemblyErrors (0ms)
				InitializePlatformSupportModulesInManaged (16ms)
				SetLoadedEditorAssemblies (1ms)
				RefreshPlugins (1ms)
				BeforeProcessingInitializeOnLoad (239ms)
				ProcessInitializeOnLoadAttributes (399ms)
				ProcessInitializeOnLoadMethodAttributes (44ms)
				AfterProcessingInitializeOnLoad (57ms)
				EditorAssembliesLoaded (0ms)
			ExecutionOrderSort2 (0ms)
			AwakeInstancesAfterBackupRestoration (34ms)
Platform modules already initialized, skipping
========================================================================
Worker process is ready to serve import requests
Launched and connected shader compiler UnityShaderCompiler.exe after 0.15 seconds
Refreshing native plugins compatible for Editor in 1.51 ms, found 3 plugins.
Preloading 0 native plugins for Editor in 0.00 ms.
Unloading 3225 Unused Serialized files (Serialized files now loaded: 0)
Unloading 23 unused Assets / (112.9 KB). Loaded Objects now: 3694.
Memory consumption went from 113.6 MB to 113.5 MB.
Total: 7.586700 ms (FindLiveObjects: 1.411400 ms CreateObjectMapping: 1.284400 ms MarkObjects: 4.669500 ms  DeleteObjects: 0.219100 ms)

AssetImportParameters requested are different than current active one (requested -> active):
  custom:video-decoder-ogg-theora: a1e56fd34408186e4bbccfd4996cb3dc -> 
  custom:container-muxer-webm: aa71ff27fc2769a1b78a27578f13a17b -> 
  custom:container-demuxer-webm: 4f35f7cbe854078d1ac9338744f61a02 -> 
  custom:video-encoder-webm-vp8: eb34c28f22e8b96e1ab97ce403110664 -> 
  custom:video-codec-MediaFoundation-h265: 746d11721c4dcdbdad8f713fa42b33f4 -> 
  custom:audio-encoder-webm-vorbis: bf7c407c2cedff20999df2af8eb42d56 -> 
  custom:framework-win-MediaFoundation: 216162199b28c13a410421893ffa2e32 -> 
  custom:container-demuxer-ogg: 62fdf1f143b41e24485cea50d1cbac27 -> 
  custom:video-decoder-webm-vp8: 9c59270c3fd7afecdb556c50c9e8de78 -> 
  custom:audio-decoder-ogg-vorbis: bf7c407c2cedff20999df2af8eb42d56 -> 
========================================================================
Received Import Request.
  Time since last request: 1026119.723500 seconds.
  path: Assets/Scenes
  artifactKey: Guid(6ea315d0fd7389c41b19996891e99ae3) Importer(815301076,1909f56bfc062723c751e8b465ee728b)
Start importing Assets/Scenes using Guid(6ea315d0fd7389c41b19996891e99ae3) Importer(815301076,1909f56bfc062723c751e8b465ee728b)  -> (artifact id: 'b8193726cff86800c54781cdc6d54904') in 0.012723 seconds 
========================================================================
Received Import Request.
  Time since last request: 15.550367 seconds.
  path: Assets/img
  artifactKey: Guid(246cfb3865fc1bc4eb91d37b2b5ac069) Importer(815301076,1909f56bfc062723c751e8b465ee728b)
Start importing Assets/img using Guid(246cfb3865fc1bc4eb91d37b2b5ac069) Importer(815301076,1909f56bfc062723c751e8b465ee728b)  -> (artifact id: '42ed9a95e44d53ac87ff112f08f45f20') in 0.005864 seconds 
========================================================================
Received Import Request.
  Time since last request: 37.464326 seconds.
  path: Assets/img/skyX53+x.png
  artifactKey: Guid(dd15d468ad549ce45a161ff7ef197bd8) Importer(815301076,1909f56bfc062723c751e8b465ee728b)
Start importing Assets/img/skyX53+x.png using Guid(dd15d468ad549ce45a161ff7ef197bd8) Importer(815301076,1909f56bfc062723c751e8b465ee728b)  -> (artifact id: 'b7f47d21a7e9664b3a97cdc7380afe7d') in 0.108465 seconds 
========================================================================
Received Import Request.
  Time since last request: 0.042530 seconds.
  path: Assets/img/skyX53+y.png
  artifactKey: Guid(2feed0ea82fa635408f182a90c6fbc6f) Importer(815301076,1909f56bfc062723c751e8b465ee728b)
Start importing Assets/img/skyX53+y.png using Guid(2feed0ea82fa635408f182a90c6fbc6f) Importer(815301076,1909f56bfc062723c751e8b465ee728b)  -> (artifact id: 'ae28d9af84eba18a30a064d9d247bcea') in 0.017579 seconds 
========================================================================
Received Import Request.
  Time since last request: 0.221908 seconds.
  path: Assets/img/skyX53+z.png
  artifactKey: Guid(2618748b85b0ce049a4892a9e5ebbd3a) Importer(815301076,1909f56bfc062723c751e8b465ee728b)
Start importing Assets/img/skyX53+z.png using Guid(2618748b85b0ce049a4892a9e5ebbd3a) Importer(815301076,1909f56bfc062723c751e8b465ee728b)  -> (artifact id: 'e6132707c67f6b5c55a216c60b3564d7') in 0.013211 seconds 
========================================================================
Received Import Request.
  Time since last request: 0.461901 seconds.
  path: Assets/img/skyX53-x.png
  artifactKey: Guid(abba6e0fc23657740a73be8aca6e19a0) Importer(815301076,1909f56bfc062723c751e8b465ee728b)
Start importing Assets/img/skyX53-x.png using Guid(abba6e0fc23657740a73be8aca6e19a0) Importer(815301076,1909f56bfc062723c751e8b465ee728b)  -> (artifact id: 'f0b7ebdf3a7b917d9d14e32e16083510') in 0.013603 seconds 
========================================================================
Received Import Request.
  Time since last request: 0.319794 seconds.
  path: Assets/img/skyX53-y.png
  artifactKey: Guid(053a408ceb0f38e4c896cac2ad751eb9) Importer(815301076,1909f56bfc062723c751e8b465ee728b)
Start importing Assets/img/skyX53-y.png using Guid(053a408ceb0f38e4c896cac2ad751eb9) Importer(815301076,1909f56bfc062723c751e8b465ee728b)  -> (artifact id: '01d0be349994f643d71d0dde9ccb1cf1') in 0.015492 seconds 
========================================================================
Received Import Request.
  Time since last request: 0.332734 seconds.
  path: Assets/img/skyX53-z.png
  artifactKey: Guid(ccaa2d9648fd827478c899761d55e13a) Importer(815301076,1909f56bfc062723c751e8b465ee728b)
Start importing Assets/img/skyX53-z.png using Guid(ccaa2d9648fd827478c899761d55e13a) Importer(815301076,1909f56bfc062723c751e8b465ee728b)  -> (artifact id: '2be8c8f438c0e22ce1be0ffc3fbf206a') in 0.016240 seconds 
========================================================================
Received Import Request.
  Time since last request: 97.369706 seconds.
  path: Assets/Materials/New Material.mat
  artifactKey: Guid(9b3975d87d7f4d845bb7e7a7b79770bc) Importer(815301076,1909f56bfc062723c751e8b465ee728b)
Start importing Assets/Materials/New Material.mat using Guid(9b3975d87d7f4d845bb7e7a7b79770bc) Importer(815301076,1909f56bfc062723c751e8b465ee728b)  -> (artifact id: '256f8aa413e6fd28e68d6fa32923206d') in 0.284694 seconds 
